#
# There is insufficient memory for the Java Runtime Environment to continue.
# Native memory allocation (malloc) failed to allocate 1048576 bytes for AllocateHeap
# Possible reasons:
#   The system is out of physical RAM or swap space
#   In 32 bit mode, the process size limit was hit
# Possible solutions:
#   Reduce memory load on the system
#   Increase physical memory or swap space
#   Check if swap backing store is full
#   Use 64 bit Java on a 64 bit OS
#   Decrease Java heap size (-Xmx/-Xms)
#   Decrease number of Java threads
#   Decrease Java thread stack sizes (-Xss)
#   Set larger code cache with -XX:ReservedCodeCacheSize=
# This output file may be truncated or incomplete.
#
#  Out of Memory Error (memory/allocation.inline.hpp:61), pid=7640, tid=0x000000000000352c
#
# JRE version:  (8.0_111-b14) (build )
# Java VM: Java HotSpot(TM) 64-Bit Server VM (25.111-b14 mixed mode windows-amd64 compressed oops)
# Failed to write core dump. Minidumps are not enabled by default on client versions of Windows
#

---------------  T H R E A D  ---------------

Current thread (0x000000000247d800):  JavaThread "Unknown thread" [_thread_in_vm, id=13612, stack(0x0000000002550000,0x0000000002650000)]

Stack: [0x0000000002550000,0x0000000002650000]
[error occurred during error reporting (printing stack bounds), id 0xc0000005]

Native frames: (J=compiled Java code, j=interpreted, Vv=VM code, C=native code)


---------------  P R O C E S S  ---------------

Java Threads: ( => current thread )

Other Threads:

=>0x000000000247d800 (exited) JavaThread "Unknown thread" [_thread_in_vm, id=13612, stack(0x0000000002550000,0x0000000002650000)]

VM state:not at safepoint (normal execution)

VM Mutex/Monitor currently owned by a thread: None

Heap:
 PSYoungGen      total 38400K, used 665K [0x00000000d5e00000, 0x00000000d8880000, 0x0000000100000000)
  eden space 33280K, 2% used [0x00000000d5e00000,0x00000000d5ea6670,0x00000000d7e80000)
  from space 5120K, 0% used [0x00000000d8380000,0x00000000d8380000,0x00000000d8880000)
  to   space 5120K, 0% used [0x00000000d7e80000,0x00000000d7e80000,0x00000000d8380000)
 ParOldGen       total 87552K, used 0K [0x0000000081a00000, 0x0000000086f80000, 0x00000000d5e00000)
  object space 87552K, 0% used [0x0000000081a00000,0x0000000081a00000,0x0000000086f80000)
 Metaspace       used 770K, capacity 4480K, committed 4480K, reserved 1056768K
  class space    used 75K, capacity 384K, committed 384K, reserved 1048576K

Card table byte_map: [0x0000000011b10000,0x0000000011f10000] byte_map_base: 0x0000000011703000

Marking Bits: (ParMarkBitMap*) 0x0000000058f3a6c0
 Begin Bits: [0x00000000125c0000, 0x0000000014558000)
 End Bits:   [0x0000000014558000, 0x00000000164f0000)

Polling page: 0x0000000000bb0000

CodeCache: size=245760Kb used=328Kb max_used=328Kb free=245431Kb
 bounds [0x0000000002750000, 0x00000000029c0000, 0x0000000011750000]
 total_blobs=58 nmethods=0 adapters=38
 compilation: enabled

Compilation events (0 events):
No events

GC Heap History (0 events):
No events

Deoptimization events (0 events):
No events

Internal exceptions (0 events):
No events

Events (10 events):
Event: 0.033 loading class java/lang/Short
Event: 0.033 loading class java/lang/Short done
Event: 0.033 loading class java/lang/Integer
Event: 0.033 loading class java/lang/Integer done
Event: 0.033 loading class java/lang/Long
Event: 0.033 loading class java/lang/Long done
Event: 0.034 loading class java/lang/NullPointerException
Event: 0.034 loading class java/lang/NullPointerException done
Event: 0.034 loading class java/lang/ArithmeticException
Event: 0.034 loading class java/lang/ArithmeticException done


Dynamic libraries:
0x00007ff7bf8b0000 - 0x00007ff7bf8e7000 	C:\Program Files\Java\jdk1.8.0_111\bin\java.exe
0x00007ffabcb30000 - 0x00007ffabccdd000 	C:\windows\SYSTEM32\ntdll.dll
0x00007ffabc2a0000 - 0x00007ffabc3de000 	C:\windows\system32\KERNEL32.DLL
0x00007ffab9ff0000 - 0x00007ffaba105000 	C:\windows\system32\KERNELBASE.dll
0x00007ffab8820000 - 0x00007ffab88ae000 	C:\windows\system32\apphelp.dll
0x00007ffa995d0000 - 0x00007ffa99623000 	C:\windows\AppPatch\AppPatch64\AcGenral.DLL
0x00007ffaba2c0000 - 0x00007ffaba36a000 	C:\windows\system32\msvcrt.dll
0x00007ffab9fc0000 - 0x00007ffab9fee000 	C:\windows\system32\SspiCli.dll
0x00007ffaba260000 - 0x00007ffaba2b4000 	C:\windows\system32\SHLWAPI.dll
0x00007ffabc900000 - 0x00007ffabca77000 	C:\windows\system32\USER32.dll
0x00007ffaba370000 - 0x00007ffaba504000 	C:\windows\system32\ole32.dll
0x00007ffaba6d0000 - 0x00007ffabbbfc000 	C:\windows\system32\SHELL32.dll
0x00007ffab9230000 - 0x00007ffab9251000 	C:\windows\SYSTEM32\USERENV.dll
0x00007ffabca80000 - 0x00007ffabcb2a000 	C:\windows\system32\ADVAPI32.dll
0x00007ffab1790000 - 0x00007ffab17ae000 	C:\windows\SYSTEM32\MPR.dll
0x00007ffabbc00000 - 0x00007ffabbd40000 	C:\windows\system32\RPCRT4.dll
0x00007ffabc160000 - 0x00007ffabc1b9000 	C:\windows\SYSTEM32\sechost.dll
0x00007ffabbf40000 - 0x00007ffabc152000 	C:\windows\SYSTEM32\combase.dll
0x00007ffabc4a0000 - 0x00007ffabc5eb000 	C:\windows\system32\GDI32.dll
0x00007ffab9c60000 - 0x00007ffab9c75000 	C:\windows\SYSTEM32\profapi.dll
0x00007ffab81d0000 - 0x00007ffab8282000 	C:\windows\SYSTEM32\SHCORE.dll
0x00007ffaba220000 - 0x00007ffaba256000 	C:\windows\system32\IMM32.DLL
0x00007ffabc6b0000 - 0x00007ffabc801000 	C:\windows\system32\MSCTF.dll
0x00007ffab78c0000 - 0x00007ffab7b3b000 	C:\windows\WinSxS\amd64_microsoft.windows.common-controls_6595b64144ccf1df_6.0.9600.18006_none_623f33d3ecbe86e8\COMCTL32.dll
0x0000000059490000 - 0x0000000059562000 	C:\Program Files\Java\jdk1.8.0_111\jre\bin\msvcr100.dll
0x0000000058720000 - 0x0000000058fba000 	C:\Program Files\Java\jdk1.8.0_111\jre\bin\server\jvm.dll
0x00007ffaa47b0000 - 0x00007ffaa47b9000 	C:\windows\SYSTEM32\WSOCK32.dll
0x00007ffab6710000 - 0x00007ffab6732000 	C:\windows\SYSTEM32\WINMM.dll
0x00007ffab6770000 - 0x00007ffab677a000 	C:\windows\SYSTEM32\VERSION.dll
0x00007ffabc290000 - 0x00007ffabc297000 	C:\windows\system32\PSAPI.DLL
0x00007ffabc230000 - 0x00007ffabc28a000 	C:\windows\system32\WS2_32.dll
0x00007ffab60a0000 - 0x00007ffab60ca000 	C:\windows\SYSTEM32\WINMMBASE.dll
0x00007ffaba510000 - 0x00007ffaba519000 	C:\windows\system32\NSI.dll
0x00007ffab9d30000 - 0x00007ffab9d7f000 	C:\windows\SYSTEM32\cfgmgr32.dll
0x00007ffab8a70000 - 0x00007ffab8a98000 	C:\windows\SYSTEM32\DEVOBJ.dll
0x000000005a070000 - 0x000000005a07f000 	C:\Program Files\Java\jdk1.8.0_111\jre\bin\verify.dll
0x000000005a040000 - 0x000000005a069000 	C:\Program Files\Java\jdk1.8.0_111\jre\bin\java.dll
0x0000000059d80000 - 0x0000000059d96000 	C:\Program Files\Java\jdk1.8.0_111\jre\bin\zip.dll

VM Arguments:
jvm_args: -Dfile.encoding=UTF-8 
java_command: tester
java_class_path (initial): D:\Program Files\Java+Netbeans\provaJackson\lib\jackson-annotations-2.9.4.jar;D:\Program Files\Java+Netbeans\provaJackson\lib\jackson-core-2.9.4.jar;D:\Program Files\Java+Netbeans\provaJackson\lib\jackson-databind-2.9.4.jar;D:\Program Files\Java+Netbeans\provaJackson\lib\jackson-databind-2.9.4-javadoc.jar;D:\Program Files\Java+Netbeans\provaJackson\lib\mongo-java-driver-3.6.3.jar;D:\Program Files\Java+Netbeans\provaJackson\lib\mongodb-driver-3.6.3.jar;D:\Program Files\Java+Netbeans\provaJackson\lib\mongodb-driver-core-3.6.3.jar;D:\Program Files\Java+Netbeans\provaJackson\lib\mongojack-2.7.0.jar;D:\Program Files\Java+Netbeans\provaJackson\build\classes
Launcher Type: SUN_STANDARD

Environment Variables:
PATH=C:\ProgramData\Oracle\Java\javapath;C:\Program Files\Android\android-sdk\platform-tools;C:\Program Files (x86)\Lenovo\FusionEngine;C:\Program Files (x86)\Intel\iCLS Client\;C:\Program Files\Intel\iCLS Client\;C:\Program Files (x86)\NVIDIA Corporation\PhysX\Common;C:\windows\system32;C:\windows;C:\windows\System32\Wbem;C:\windows\System32\WindowsPowerShell\v1.0\;C:\Program Files\Intel\Intel(R) Management Engine Components\DAL;C:\Program Files\Intel\Intel(R) Management Engine Components\IPT;C:\Program Files (x86)\Intel\Intel(R) Management Engine Components\DAL;C:\Program Files (x86)\Intel\Intel(R) Management Engine Components\IPT;C:\Program Files (x86)\Common Files\lenovo\easyplussdk\bin;C:\Program Files (x86)\Windows Live\Shared;C:\adb;C:\Programmi\clonazione dischi\bin;C:\Users\Max & family\Phone\;C:\Program Files\MySQL\MySQL Utilities 1.6\;C:\Program Files\MongoDB\Server\3.6\bin;C:\Programmi\clonazione dischi\bin\x64\
USERNAME=Marco
OS=Windows_NT
PROCESSOR_IDENTIFIER=Intel64 Family 6 Model 69 Stepping 1, GenuineIntel



---------------  S Y S T E M  ---------------

OS: Windows 8.1 , 64 bit Build 9600 (6.3.9600.17415)

CPU:total 4 (2 cores per cpu, 2 threads per core) family 6 model 69 stepping 1, cmov, cx8, fxsr, mmx, sse, sse2, sse3, ssse3, sse4.1, sse4.2, popcnt, avx, avx2, aes, clmul, erms, lzcnt, ht, tsc, tscinvbit, bmi1, bmi2

Memory: 4k page, physical 8278296k(1285172k free), swap 8278296k(6012k free)

vm_info: Java HotSpot(TM) 64-Bit Server VM (25.111-b14) for windows-amd64 JRE (1.8.0_111-b14), built on Sep 22 2016 19:24:05 by "java_re" with MS VC++ 10.0 (VS2010)

time: Fri Mar 16 14:14:20 2018
elapsed time: 0 seconds (0d 0h 0m 0s)

